# JRE version: OpenJDK Runtime Environment (8.0_131-b11) (build 1.8.0_131-8u131-b11-0ubuntu1.16.04.2-b11)
# Java VM: OpenJDK 64-Bit Server VM (25.131-b11 mixed mode linux-amd64 compressed oops)
Heap:
 PSYoungGen      total 400896K, used 17322K [0x00000000e0000000, 0x0000000100000000, 0x0000000100000000)
  eden space 366592K, 0% used [0x00000000e0000000,0x00000000e0000000,0x00000000f6600000)
  from space 34304K, 50% used [0x00000000fde80000,0x00000000fef6a990,0x0000000100000000)
  to   space 78848K, 0% used [0x00000000f6600000,0x00000000f6600000,0x00000000fb300000)
 ParOldGen       total 227840K, used 227336K [0x00000000a0000000, 0x00000000ade80000, 0x00000000e0000000)
  object space 227840K, 99% used [0x00000000a0000000,0x00000000ade02188,0x00000000ade80000)
 Metaspace       used 98157K, capacity 101514K, committed 101848K, reserved 1138688K
  class space    used 12259K, capacity 12939K, committed 13016K, reserved 1048576K
GC Heap History (10 events):
Event: 100.332 GC heap after
Heap after GC invocations=43 (full 5):
 PSYoungGen      total 489472K, used 6671K [0x00000000e0000000, 0x00000000fff00000, 0x0000000100000000)
  eden space 456704K, 0% used [0x00000000e0000000,0x00000000e0000000,0x00000000fbe00000)
  from space 32768K, 20% used [0x00000000fdf00000,0x00000000fe583c38,0x00000000fff00000)
  to   space 33280K, 0% used [0x00000000fbe00000,0x00000000fbe00000,0x00000000fde80000)
 ParOldGen       total 211456K, used 112063K [0x00000000a0000000, 0x00000000ace80000, 0x00000000e0000000)
  object space 211456K, 52% used [0x00000000a0000000,0x00000000a6d6fc48,0x00000000ace80000)
 Metaspace       used 97479K, capacity 100824K, committed 100952K, reserved 1136640K
  class space    used 12204K, capacity 12864K, committed 12888K, reserved 1048576K
}
Event: 104.620 GC heap before
{Heap before GC invocations=44 (full 5):
 PSYoungGen      total 489472K, used 463375K [0x00000000e0000000, 0x00000000fff00000, 0x0000000100000000)
  eden space 456704K, 100% used [0x00000000e0000000,0x00000000fbe00000,0x00000000fbe00000)
  from space 32768K, 20% used [0x00000000fdf00000,0x00000000fe583c38,0x00000000fff00000)
  to   space 33280K, 0% used [0x00000000fbe00000,0x00000000fbe00000,0x00000000fde80000)
 ParOldGen       total 211456K, used 112063K [0x00000000a0000000, 0x00000000ace80000, 0x00000000e0000000)
  object space 211456K, 52% used [0x00000000a0000000,0x00000000a6d6fc48,0x00000000ace80000)
 Metaspace       used 97953K, capacity 101278K, committed 101592K, reserved 1138688K
  class space    used 12241K, capacity 12903K, committed 13016K, reserved 1048576K
Event: 104.654 GC heap after
Heap after GC invocations=44 (full 5):
 PSYoungGen      total 489984K, used 8681K [0x00000000e0000000, 0x00000000fff80000, 0x0000000100000000)
  eden space 456704K, 0% used [0x00000000e0000000,0x00000000e0000000,0x00000000fbe00000)
  from space 33280K, 26% used [0x00000000fbe00000,0x00000000fc67a488,0x00000000fde80000)
  to   space 32768K, 0% used [0x00000000fdf80000,0x00000000fdf80000,0x00000000fff80000)
 ParOldGen       total 211456K, used 112916K [0x00000000a0000000, 0x00000000ace80000, 0x00000000e0000000)
  object space 211456K, 53% used [0x00000000a0000000,0x00000000a6e451a0,0x00000000ace80000)
 Metaspace       used 97953K, capacity 101278K, committed 101592K, reserved 1138688K
  class space    used 12241K, capacity 12903K, committed 13016K, reserved 1048576K
}
Event: 105.773 GC heap before
{Heap before GC invocations=45 (full 5):
 PSYoungGen      total 489984K, used 465385K [0x00000000e0000000, 0x00000000fff80000, 0x0000000100000000)
  eden space 456704K, 100% used [0x00000000e0000000,0x00000000fbe00000,0x00000000fbe00000)
  from space 33280K, 26% used [0x00000000fbe00000,0x00000000fc67a488,0x00000000fde80000)
  to   space 32768K, 0% used [0x00000000fdf80000,0x00000000fdf80000,0x00000000fff80000)
 ParOldGen       total 211456K, used 113562K [0x00000000a0000000, 0x00000000ace80000, 0x00000000e0000000)
  object space 211456K, 53% used [0x00000000a0000000,0x00000000a6ee6ab8,0x00000000ace80000)
 Metaspace       used 98136K, capacity 101514K, committed 101848K, reserved 1138688K
  class space    used 12259K, capacity 12939K, committed 13016K, reserved 1048576K
Event: 105.799 GC heap after
Heap after GC invocations=45 (full 5):
 PSYoungGen      total 488960K, used 6959K [0x00000000e0000000, 0x00000000ffd80000, 0x0000000100000000)
  eden space 458240K, 0% used [0x00000000e0000000,0x00000000e0000000,0x00000000fbf80000)
  from space 30720K, 22% used [0x00000000fdf80000,0x00000000fe64bcd0,0x00000000ffd80000)
  to   space 31744K, 0% used [0x00000000fbf80000,0x00000000fbf80000,0x00000000fde80000)
 ParOldGen       total 211456K, used 121473K [0x00000000a0000000, 0x00000000ace80000, 0x00000000e0000000)
  object space 211456K, 57% used [0x00000000a0000000,0x00000000a76a0668,0x00000000ace80000)
 Metaspace       used 98136K, capacity 101514K, committed 101848K, reserved 1138688K
  class space    used 12259K, capacity 12939K, committed 13016K, reserved 1048576K
}
Event: 106.604 GC heap before
{Heap before GC invocations=46 (full 5):
 PSYoungGen      total 488960K, used 465199K [0x00000000e0000000, 0x00000000ffd80000, 0x0000000100000000)
  eden space 458240K, 100% used [0x00000000e0000000,0x00000000fbf80000,0x00000000fbf80000)
  from space 30720K, 22% used [0x00000000fdf80000,0x00000000fe64bcd0,0x00000000ffd80000)
  to   space 31744K, 0% used [0x00000000fbf80000,0x00000000fbf80000,0x00000000fde80000)
 ParOldGen       total 211456K, used 121475K [0x00000000a0000000, 0x00000000ace80000, 0x00000000e0000000)
  object space 211456K, 57% used [0x00000000a0000000,0x00000000a76a0c70,0x00000000ace80000)
 Metaspace       used 98153K, capacity 101514K, committed 101848K, reserved 1138688K
  class space    used 12259K, capacity 12939K, committed 13016K, reserved 1048576K
Event: 106.692 GC heap after
Heap after GC invocations=46 (full 5):
 PSYoungGen      total 489984K, used 31725K [0x00000000e0000000, 0x0000000100000000, 0x0000000100000000)
  eden space 458240K, 0% used [0x00000000e0000000,0x00000000e0000000,0x00000000fbf80000)
  from space 31744K, 99% used [0x00000000fbf80000,0x00000000fde7b518,0x00000000fde80000)
  to   space 34304K, 0% used [0x00000000fde80000,0x00000000fde80000,0x0000000100000000)
 ParOldGen       total 211456K, used 159869K [0x00000000a0000000, 0x00000000ace80000, 0x00000000e0000000)
  object space 211456K, 75% used [0x00000000a0000000,0x00000000a9c1f6f0,0x00000000ace80000)
 Metaspace       used 98153K, capacity 101514K, committed 101848K, reserved 1138688K
  class space    used 12259K, capacity 12939K, committed 13016K, reserved 1048576K
}
Event: 107.466 GC heap before
{Heap before GC invocations=47 (full 5):
 PSYoungGen      total 489984K, used 489965K [0x00000000e0000000, 0x0000000100000000, 0x0000000100000000)
  eden space 458240K, 100% used [0x00000000e0000000,0x00000000fbf80000,0x00000000fbf80000)
  from space 31744K, 99% used [0x00000000fbf80000,0x00000000fde7b518,0x00000000fde80000)
  to   space 34304K, 0% used [0x00000000fde80000,0x00000000fde80000,0x0000000100000000)
 ParOldGen       total 211456K, used 159869K [0x00000000a0000000, 0x00000000ace80000, 0x00000000e0000000)
  object space 211456K, 75% used [0x00000000a0000000,0x00000000a9c1f6f0,0x00000000ace80000)
 Metaspace       used 98157K, capacity 101514K, committed 101848K, reserved 1138688K
  class space    used 12259K, capacity 12939K, committed 13016K, reserved 1048576K
Event: 107.654 GC heap after
Heap after GC invocations=47 (full 5):
 PSYoungGen      total 400896K, used 34284K [0x00000000e0000000, 0x0000000100000000, 0x0000000100000000)
  eden space 366592K, 0% used [0x00000000e0000000,0x00000000e0000000,0x00000000f6600000)
  from space 34304K, 99% used [0x00000000fde80000,0x00000000ffffb158,0x0000000100000000)
  to   space 78848K, 0% used [0x00000000f6600000,0x00000000f6600000,0x00000000fb300000)
 ParOldGen       total 227840K, used 227724K [0x00000000a0000000, 0x00000000ade80000, 0x00000000e0000000)
  object space 227840K, 99% used [0x00000000a0000000,0x00000000ade63348,0x00000000ade80000)
 Metaspace       used 98157K, capacity 101514K, committed 101848K, reserved 1138688K
  class space    used 12259K, capacity 12939K, committed 13016K, reserved 1048576K
}
Event: 107.654 GC heap before
{Heap before GC invocations=48 (full 6):
 PSYoungGen      total 400896K, used 34284K [0x00000000e0000000, 0x0000000100000000, 0x0000000100000000)
  eden space 366592K, 0% used [0x00000000e0000000,0x00000000e0000000,0x00000000f6600000)
  from space 34304K, 99% used [0x00000000fde80000,0x00000000ffffb158,0x0000000100000000)
  to   space 78848K, 0% used [0x00000000f6600000,0x00000000f6600000,0x00000000fb300000)
 ParOldGen       total 227840K, used 227724K [0x00000000a0000000, 0x00000000ade80000, 0x00000000e0000000)
  object space 227840K, 99% used [0x00000000a0000000,0x00000000ade63348,0x00000000ade80000)
 Metaspace       used 98157K, capacity 101514K, committed 101848K, reserved 1138688K
  class space    used 12259K, capacity 12939K, committed 13016K, reserved 1048576K

